C51 COMPILER V9.01   MAIN                                                                  12/13/2023 23:08:43 PAGE 1   


C51 COMPILER V9.01, COMPILATION OF MODULE MAIN
OBJECT MODULE PLACED IN main.OBJ
COMPILER INVOKED BY: C:\Keil_v5\C51\BIN\C51.EXE main.c BROWSE DEBUG OBJECTEXTEND

line level    source

   1          #include <REGX52.H>
   2          
   3          void Delay_ms(unsigned int t)
   4          {
   5   1          int x,y;
   6   1              for(x=0;x<t;x++)
   7   1              {
   8   2                  for(y=0;y<123;y++)
   9   2                      {
  10   3                          /* do nothing */
  11   3                      }
  12   2              }
  13   1      }
  14          
  15          int main(void)
  16          {
  17   1          /* default value */
  18   1              P0=0;
  19   1              while(1)
  20   1              {
  21   2                  P0=0xB7;
  22   2                      Delay_ms(2000);
  23   2                      P0=~0xB7;
  24   2                      Delay_ms(2000);
  25   2              }
  26   1          return 0;
  27   1      }


MODULE INFORMATION:   STATIC OVERLAYABLE
   CODE SIZE        =     53    ----
   CONSTANT SIZE    =   ----    ----
   XDATA SIZE       =   ----    ----
   PDATA SIZE       =   ----    ----
   DATA SIZE        =   ----    ----
   IDATA SIZE       =   ----    ----
   BIT SIZE         =   ----    ----
END OF MODULE INFORMATION.


C51 COMPILATION COMPLETE.  0 WARNING(S),  0 ERROR(S)
