C51 COMPILER V9.01   MAIN                                                                  12/11/2023 23:21:47 PAGE 1   


C51 COMPILER V9.01, COMPILATION OF MODULE MAIN
OBJECT MODULE PLACED IN main.OBJ
COMPILER INVOKED BY: C:\Keil_v5\C51\BIN\C51.EXE main.c BROWSE DEBUG OBJECTEXTEND

line level    source

   1          #include <REGX52.H>
   2          
   3          /*
   4          * P0 no pull-up register --> need to a external respack
   5          */
   6          sbit LED  = P0^0;
   7          #define ON     0U
   8          #define OFF    1U
   9          
  10          void Delay_ms(unsigned int t)
  11          {
  12   1          int x,y;
  13   1      
  14   1              for(x=0;x<t;x++)
  15   1              {
  16   2                for(y=0;y<123;y++)
  17   2                {
  18   3                  /* do nothing */
  19   3                }
  20   2              }
  21   1      }
  22          int main(void)
  23          {
  24   1        LED=OFF;
  25   1        while(1)
  26   1        {
  27   2           LED=!LED;
  28   2               /* delay 500 ms */
  29   2               Delay_ms(500);
  30   2        }
  31   1        return 0;
  32   1      }


MODULE INFORMATION:   STATIC OVERLAYABLE
   CODE SIZE        =     45    ----
   CONSTANT SIZE    =   ----    ----
   XDATA SIZE       =   ----    ----
   PDATA SIZE       =   ----    ----
   DATA SIZE        =   ----    ----
   IDATA SIZE       =   ----    ----
   BIT SIZE         =   ----    ----
END OF MODULE INFORMATION.


C51 COMPILATION COMPLETE.  0 WARNING(S),  0 ERROR(S)
